<?xml version="1.0" encoding="UTF-8"?>
<!-- Generated by org.testng.reporters.JUnitXMLReporter -->
<testsuite hostname="ind496" name="Test" tests="11" failures="0" timestamp="25 Jan 2018 06:22:09 GMT" time="8.435" errors="0">
  <testcase name="postData" time="2.724" classname="tests.basics2"/>
  <testcase name="addAndDelete" time="0.644" classname="tests.basics3"/>
  <testcase name="postData" time="0.378" classname="tests.basics4"/>
  <testcase name="test1" time="0.93" classname="tests.basics5"/>
  <testcase name="jiraApi" time="0.307" classname="tests.basics6"/>
  <testcase name="jiraApi1" time="0.259" classname="tests.basics7"/>
  <testcase name="jiraApi1" time="0.185" classname="tests.basics8"/>
  <testcase name="createTweet" time="0.792" classname="tests.basics9"/>
  <testcase name="deleteTweet" time="0.645" classname="tests.basics9"/>
  <testcase name="getLatestTweet" time="0.953" classname="tests.basics9"/>
  <testcase name="test1" time="0.567" classname="tests.basics"/>
</testsuite> <!-- Test -->
